<?xml version="1.0" encoding="UTF-8"?>
<coverage generated="1681384859075" clover="3.2.0">
  <project timestamp="1681384859075" name="All files">
    <metrics statements="26" coveredstatements="24" conditionals="14" coveredconditionals="12" methods="4" coveredmethods="4" elements="44" coveredelements="40" complexity="0" loc="26" ncloc="26" packages="1" files="3" classes="3"/>
    <file name="characters.ts" path="/Users/juliosena/Work/vendas-online-app/src/shared/functions/characters.ts">
      <metrics statements="2" coveredstatements="2" conditionals="0" coveredconditionals="0" methods="1" coveredmethods="1"/>
      <line num="1" count="2" type="stmt"/>
      <line num="2" count="5" type="stmt"/>
    </file>
    <file name="cpf.ts" path="/Users/juliosena/Work/vendas-online-app/src/shared/functions/cpf.ts">
      <metrics statements="22" coveredstatements="20" conditionals="14" coveredconditionals="12" methods="2" coveredmethods="2"/>
      <line num="3" count="1" type="stmt"/>
      <line num="4" count="1" type="stmt"/>
      <line num="8" count="4" type="stmt"/>
      <line num="11" count="4" type="stmt"/>
      <line num="13" count="4" type="cond" truecount="2" falsecount="0"/>
      <line num="14" count="1" type="stmt"/>
      <line num="17" count="3" type="cond" truecount="2" falsecount="0"/>
      <line num="18" count="1" type="stmt"/>
      <line num="21" count="2" type="stmt"/>
      <line num="22" count="18" type="stmt"/>
      <line num="24" count="2" type="stmt"/>
      <line num="26" count="2" type="cond" truecount="4" falsecount="0"/>
      <line num="27" count="1" type="stmt"/>
      <line num="29" count="2" type="cond" truecount="1" falsecount="1"/>
      <line num="30" count="0" type="stmt"/>
      <line num="33" count="2" type="stmt"/>
      <line num="34" count="2" type="stmt"/>
      <line num="35" count="20" type="stmt"/>
      <line num="38" count="2" type="stmt"/>
      <line num="40" count="2" type="cond" truecount="3" falsecount="1"/>
      <line num="41" count="0" type="stmt"/>
      <line num="44" count="2" type="stmt"/>
    </file>
    <file name="email.ts" path="/Users/juliosena/Work/vendas-online-app/src/shared/functions/email.ts">
      <metrics statements="2" coveredstatements="2" conditionals="0" coveredconditionals="0" methods="1" coveredmethods="1"/>
      <line num="1" count="1" type="stmt"/>
      <line num="2" count="5" type="stmt"/>
    </file>
  </project>
</coverage>
