{"/Users/juliosena/Work/vendas-online-app/src/shared/functions/characters.ts": {"path":"/Users/juliosena/Work/vendas-online-app/src/shared/functions/characters.ts","statementMap":{"0":{"start":{"line":1,"column":39},"end":{"line":3,"column":1}},"1":{"start":{"line":2,"column":2},"end":{"line":2,"column":34}}},"fnMap":{"0":{"name":"(anonymous_0)","decl":{"start":{"line":1,"column":39},"end":{"line":1,"column":40}},"loc":{"start":{"line":1,"column":58},"end":{"line":3,"column":1}},"line":1}},"branchMap":{},"s":{"0":3,"1":12},"f":{"0":12},"b":{},"_coverageSchema":"1a1c01bbd47fc00a2c39e90264f33305004495a9","hash":"8052fb73eeeecd32098d321b6a54a742ecdc2594"}
,"/Users/juliosena/Work/vendas-online-app/src/shared/functions/cpf.ts": {"path":"/Users/juliosena/Work/vendas-online-app/src/shared/functions/cpf.ts","statementMap":{"0":{"start":{"line":3,"column":31},"end":{"line":5,"column":1}},"1":{"start":{"line":4,"column":2},"end":{"line":4,"column":68}},"2":{"start":{"line":8,"column":17},"end":{"line":8,"column":45}},"3":{"start":{"line":11,"column":2},"end":{"line":11,"column":10}},"4":{"start":{"line":13,"column":2},"end":{"line":15,"column":3}},"5":{"start":{"line":14,"column":4},"end":{"line":14,"column":17}},"6":{"start":{"line":17,"column":2},"end":{"line":19,"column":3}},"7":{"start":{"line":18,"column":4},"end":{"line":18,"column":17}},"8":{"start":{"line":21,"column":2},"end":{"line":23,"column":3}},"9":{"start":{"line":21,"column":15},"end":{"line":21,"column":16}},"10":{"start":{"line":22,"column":4},"end":{"line":22,"column":63}},"11":{"start":{"line":24,"column":2},"end":{"line":24,"column":25}},"12":{"start":{"line":26,"column":2},"end":{"line":28,"column":3}},"13":{"start":{"line":27,"column":4},"end":{"line":27,"column":13}},"14":{"start":{"line":29,"column":2},"end":{"line":31,"column":3}},"15":{"start":{"line":30,"column":4},"end":{"line":30,"column":17}},"16":{"start":{"line":33,"column":2},"end":{"line":33,"column":10}},"17":{"start":{"line":34,"column":2},"end":{"line":36,"column":3}},"18":{"start":{"line":34,"column":15},"end":{"line":34,"column":16}},"19":{"start":{"line":35,"column":4},"end":{"line":35,"column":63}},"20":{"start":{"line":38,"column":2},"end":{"line":38,"column":25}},"21":{"start":{"line":40,"column":2},"end":{"line":42,"column":3}},"22":{"start":{"line":41,"column":4},"end":{"line":41,"column":13}},"23":{"start":{"line":44,"column":2},"end":{"line":44,"column":57}}},"fnMap":{"0":{"name":"(anonymous_0)","decl":{"start":{"line":3,"column":31},"end":{"line":3,"column":32}},"loc":{"start":{"line":3,"column":48},"end":{"line":5,"column":1}},"line":3},"1":{"name":"validateCpf","decl":{"start":{"line":7,"column":16},"end":{"line":7,"column":27}},"loc":{"start":{"line":7,"column":50},"end":{"line":45,"column":1}},"line":7}},"branchMap":{"0":{"loc":{"start":{"line":13,"column":2},"end":{"line":15,"column":3}},"type":"if","locations":[{"start":{"line":13,"column":2},"end":{"line":15,"column":3}},{"start":{},"end":{}}],"line":13},"1":{"loc":{"start":{"line":17,"column":2},"end":{"line":19,"column":3}},"type":"if","locations":[{"start":{"line":17,"column":2},"end":{"line":19,"column":3}},{"start":{},"end":{}}],"line":17},"2":{"loc":{"start":{"line":26,"column":2},"end":{"line":28,"column":3}},"type":"if","locations":[{"start":{"line":26,"column":2},"end":{"line":28,"column":3}},{"start":{},"end":{}}],"line":26},"3":{"loc":{"start":{"line":26,"column":6},"end":{"line":26,"column":32}},"type":"binary-expr","locations":[{"start":{"line":26,"column":6},"end":{"line":26,"column":17}},{"start":{"line":26,"column":21},"end":{"line":26,"column":32}}],"line":26},"4":{"loc":{"start":{"line":29,"column":2},"end":{"line":31,"column":3}},"type":"if","locations":[{"start":{"line":29,"column":2},"end":{"line":31,"column":3}},{"start":{},"end":{}}],"line":29},"5":{"loc":{"start":{"line":40,"column":2},"end":{"line":42,"column":3}},"type":"if","locations":[{"start":{"line":40,"column":2},"end":{"line":42,"column":3}},{"start":{},"end":{}}],"line":40},"6":{"loc":{"start":{"line":40,"column":6},"end":{"line":40,"column":32}},"type":"binary-expr","locations":[{"start":{"line":40,"column":6},"end":{"line":40,"column":17}},{"start":{"line":40,"column":21},"end":{"line":40,"column":32}}],"line":40}},"s":{"0":1,"1":1,"2":4,"3":4,"4":4,"5":1,"6":3,"7":1,"8":2,"9":2,"10":18,"11":2,"12":2,"13":1,"14":2,"15":0,"16":2,"17":2,"18":2,"19":20,"20":2,"21":2,"22":0,"23":2},"f":{"0":1,"1":4},"b":{"0":[1,3],"1":[1,2],"2":[1,1],"3":[2,1],"4":[0,2],"5":[0,2],"6":[2,2]},"_coverageSchema":"1a1c01bbd47fc00a2c39e90264f33305004495a9","hash":"b6d1ef3d74f07bb2686b3adb3349084e2c32047b"}
,"/Users/juliosena/Work/vendas-online-app/src/shared/functions/email.ts": {"path":"/Users/juliosena/Work/vendas-online-app/src/shared/functions/email.ts","statementMap":{"0":{"start":{"line":1,"column":29},"end":{"line":5,"column":1}},"1":{"start":{"line":2,"column":2},"end":{"line":4,"column":4}}},"fnMap":{"0":{"name":"(anonymous_0)","decl":{"start":{"line":1,"column":29},"end":{"line":1,"column":30}},"loc":{"start":{"line":1,"column":57},"end":{"line":5,"column":1}},"line":1}},"branchMap":{},"s":{"0":1,"1":5},"f":{"0":5},"b":{},"_coverageSchema":"1a1c01bbd47fc00a2c39e90264f33305004495a9","hash":"4f942bf2c58154e4e516c3825d56ac16f3e7a23d"}
,"/Users/juliosena/Work/vendas-online-app/src/shared/functions/money.ts": {"path":"/Users/juliosena/Work/vendas-online-app/src/shared/functions/money.ts","statementMap":{"0":{"start":{"line":1,"column":36},"end":{"line":3,"column":1}},"1":{"start":{"line":2,"column":2},"end":{"line":2,"column":79}}},"fnMap":{"0":{"name":"(anonymous_0)","decl":{"start":{"line":1,"column":36},"end":{"line":1,"column":37}},"loc":{"start":{"line":1,"column":55},"end":{"line":3,"column":1}},"line":1}},"branchMap":{},"s":{"0":1,"1":3},"f":{"0":3},"b":{},"_coverageSchema":"1a1c01bbd47fc00a2c39e90264f33305004495a9","hash":"c1f514da1fce039b391dda13f19f79a2fba8cd73"}
,"/Users/juliosena/Work/vendas-online-app/src/shared/functions/phone.ts": {"path":"/Users/juliosena/Work/vendas-online-app/src/shared/functions/phone.ts","statementMap":{"0":{"start":{"line":3,"column":33},"end":{"line":8,"column":1}},"1":{"start":{"line":4,"column":17},"end":{"line":4,"column":47}},"2":{"start":{"line":5,"column":2},"end":{"line":7,"column":76}},"3":{"start":{"line":10,"column":29},"end":{"line":13,"column":1}},"4":{"start":{"line":11,"column":17},"end":{"line":11,"column":47}},"5":{"start":{"line":12,"column":2},"end":{"line":12,"column":54}}},"fnMap":{"0":{"name":"(anonymous_0)","decl":{"start":{"line":3,"column":33},"end":{"line":3,"column":34}},"loc":{"start":{"line":3,"column":52},"end":{"line":8,"column":1}},"line":3},"1":{"name":"(anonymous_1)","decl":{"start":{"line":10,"column":29},"end":{"line":10,"column":30}},"loc":{"start":{"line":10,"column":57},"end":{"line":13,"column":1}},"line":10}},"branchMap":{"0":{"loc":{"start":{"line":7,"column":13},"end":{"line":7,"column":65}},"type":"cond-expr","locations":[{"start":{"line":7,"column":36},"end":{"line":7,"column":49}},{"start":{"line":7,"column":52},"end":{"line":7,"column":65}}],"line":7},"1":{"loc":{"start":{"line":12,"column":9},"end":{"line":12,"column":53}},"type":"binary-expr","locations":[{"start":{"line":12,"column":9},"end":{"line":12,"column":29}},{"start":{"line":12,"column":33},"end":{"line":12,"column":53}}],"line":12}},"s":{"0":1,"1":2,"2":2,"3":1,"4":5,"5":5},"f":{"0":2,"1":5},"b":{"0":[1,1],"1":[5,3]},"_coverageSchema":"1a1c01bbd47fc00a2c39e90264f33305004495a9","hash":"93c3781b26b8d23cd69c316fd63f4e98ec2326fd"}
}
