TN:
SF:src/shared/functions/characters.ts
FN:1,(anonymous_0)
FNF:1
FNH:1
FNDA:12,(anonymous_0)
DA:1,3
DA:2,12
LF:2
LH:2
BRF:0
BRH:0
end_of_record
TN:
SF:src/shared/functions/cpf.ts
FN:3,(anonymous_0)
FN:7,validateCpf
FNF:2
FNH:2
FNDA:1,(anonymous_0)
FNDA:4,validateCpf
DA:3,1
DA:4,1
DA:8,4
DA:11,4
DA:13,4
DA:14,1
DA:17,3
DA:18,1
DA:21,2
DA:22,18
DA:24,2
DA:26,2
DA:27,1
DA:29,2
DA:30,0
DA:33,2
DA:34,2
DA:35,20
DA:38,2
DA:40,2
DA:41,0
DA:44,2
LF:22
LH:20
BRDA:13,0,0,1
BRDA:13,0,1,3
BRDA:17,1,0,1
BRDA:17,1,1,2
BRDA:26,2,0,1
BRDA:26,2,1,1
BRDA:26,3,0,2
BRDA:26,3,1,1
BRDA:29,4,0,0
BRDA:29,4,1,2
BRDA:40,5,0,0
BRDA:40,5,1,2
BRDA:40,6,0,2
BRDA:40,6,1,2
BRF:14
BRH:12
end_of_record
TN:
SF:src/shared/functions/email.ts
FN:1,(anonymous_0)
FNF:1
FNH:1
FNDA:5,(anonymous_0)
DA:1,1
DA:2,5
LF:2
LH:2
BRF:0
BRH:0
end_of_record
TN:
SF:src/shared/functions/money.ts
FN:1,(anonymous_0)
FNF:1
FNH:1
FNDA:3,(anonymous_0)
DA:1,1
DA:2,3
LF:2
LH:2
BRF:0
BRH:0
end_of_record
TN:
SF:src/shared/functions/phone.ts
FN:3,(anonymous_0)
FN:10,(anonymous_1)
FNF:2
FNH:2
FNDA:2,(anonymous_0)
FNDA:5,(anonymous_1)
DA:3,1
DA:4,2
DA:5,2
DA:10,1
DA:11,5
DA:12,5
LF:6
LH:6
BRDA:7,0,0,1
BRDA:7,0,1,1
BRDA:12,1,0,5
BRDA:12,1,1,3
BRF:4
BRH:4
end_of_record
TN:
SF:src/shared/functions/storageProxy.ts
FN:3,(anonymous_0)
FN:6,(anonymous_1)
FN:6,(anonymous_2)
FN:8,(anonymous_3)
FNF:4
FNH:3
FNDA:1,(anonymous_0)
FNDA:1,(anonymous_1)
FNDA:0,(anonymous_2)
FNDA:1,(anonymous_3)
DA:3,1
DA:4,1
DA:6,1
DA:8,1
LF:4
LH:4
BRF:0
BRH:0
end_of_record
