TN:
SF:src/shared/functions/characters.ts
FN:1,(anonymous_0)
FNF:1
FNH:1
FNDA:5,(anonymous_0)
DA:1,2
DA:2,5
LF:2
LH:2
BRF:0
BRH:0
end_of_record
TN:
SF:src/shared/functions/cpf.ts
FN:3,(anonymous_0)
FN:7,validateCpf
FNF:2
FNH:2
FNDA:1,(anonymous_0)
FNDA:4,validateCpf
DA:3,1
DA:4,1
DA:8,4
DA:11,4
DA:13,4
DA:14,1
DA:17,3
DA:18,1
DA:21,2
DA:22,18
DA:24,2
DA:26,2
DA:27,1
DA:29,2
DA:30,0
DA:33,2
DA:34,2
DA:35,20
DA:38,2
DA:40,2
DA:41,0
DA:44,2
LF:22
LH:20
BRDA:13,0,0,1
BRDA:13,0,1,3
BRDA:17,1,0,1
BRDA:17,1,1,2
BRDA:26,2,0,1
BRDA:26,2,1,1
BRDA:26,3,0,2
BRDA:26,3,1,1
BRDA:29,4,0,0
BRDA:29,4,1,2
BRDA:40,5,0,0
BRDA:40,5,1,2
BRDA:40,6,0,2
BRDA:40,6,1,2
BRF:14
BRH:12
end_of_record
TN:
SF:src/shared/functions/email.ts
FN:1,(anonymous_0)
FNF:1
FNH:1
FNDA:5,(anonymous_0)
DA:1,1
DA:2,5
LF:2
LH:2
BRF:0
BRH:0
end_of_record
